<?xml version="1.0" encoding="UTF-8"?>
<!-- Generated by org.testng.reporters.JUnitXMLReporter -->
<testsuite hostname="ATMECSINLT-283" ignored="0" name="Default test" tests="256" failures="0" timestamp="2019-10-30T14:12:42 IST" time="103.337" errors="0">
  <testcase name="clickOnHomeMenu" time="3.185" classname="com.atmecs.testscript.AtmecsHomePageScript"/>
  <testcase name="validateHomeMenuFooter" time="0.192" classname="com.atmecs.testscript.AtmecsHomePageScript"/>
  <testcase name="validateHomeMenuFooter" time="0.145" classname="com.atmecs.testscript.AtmecsHomePageScript"/>
  <testcase name="validateHomeMenuFooter" time="0.178" classname="com.atmecs.testscript.AtmecsHomePageScript"/>
  <testcase name="validateHomeMenuFooter" time="0.184" classname="com.atmecs.testscript.AtmecsHomePageScript"/>
  <testcase name="validateHomeMenuFooter" time="0.153" classname="com.atmecs.testscript.AtmecsHomePageScript"/>
  <testcase name="validateHomeMenuFooter" time="0.162" classname="com.atmecs.testscript.AtmecsHomePageScript"/>
  <testcase name="validateHomeMenuFooter" time="0.142" classname="com.atmecs.testscript.AtmecsHomePageScript"/>
  <testcase name="validateHomeMenuFooter" time="0.099" classname="com.atmecs.testscript.AtmecsHomePageScript"/>
  <testcase name="validateHomeMenuFooter" time="0.091" classname="com.atmecs.testscript.AtmecsHomePageScript"/>
  <testcase name="validateHomeMenuFooter" time="0.134" classname="com.atmecs.testscript.AtmecsHomePageScript"/>
  <testcase name="validateHomeMenuFooter" time="0.138" classname="com.atmecs.testscript.AtmecsHomePageScript"/>
  <testcase name="validateHomeMenuFooter" time="0.14" classname="com.atmecs.testscript.AtmecsHomePageScript"/>
  <testcase name="validateHomeMenuFooter" time="0.141" classname="com.atmecs.testscript.AtmecsHomePageScript"/>
  <testcase name="validateHomeMenuFooter" time="0.1" classname="com.atmecs.testscript.AtmecsHomePageScript"/>
  <testcase name="validateHomeMenuFooter" time="0.145" classname="com.atmecs.testscript.AtmecsHomePageScript"/>
  <testcase name="validateHomeMenuFooter" time="0.148" classname="com.atmecs.testscript.AtmecsHomePageScript"/>
  <testcase name="validateHomeMenuFooter" time="0.147" classname="com.atmecs.testscript.AtmecsHomePageScript"/>
  <testcase name="validateHomeMenuFooter" time="0.149" classname="com.atmecs.testscript.AtmecsHomePageScript"/>
  <testcase name="validateHomeMenuFooter" time="0.158" classname="com.atmecs.testscript.AtmecsHomePageScript"/>
  <testcase name="validateHomeMenuFooter" time="0.148" classname="com.atmecs.testscript.AtmecsHomePageScript"/>
  <testcase name="validateHomeMenuFooter" time="0.143" classname="com.atmecs.testscript.AtmecsHomePageScript"/>
  <testcase name="validateHomeMenuFooter" time="0.144" classname="com.atmecs.testscript.AtmecsHomePageScript"/>
  <testcase name="validateHomeMenuFooter" time="0.137" classname="com.atmecs.testscript.AtmecsHomePageScript"/>
  <testcase name="validateHomeMenuFooter" time="0.148" classname="com.atmecs.testscript.AtmecsHomePageScript"/>
  <testcase name="validateHomeMenuFooter" time="0.151" classname="com.atmecs.testscript.AtmecsHomePageScript"/>
  <testcase name="validateHomeMenuFooter" time="0.134" classname="com.atmecs.testscript.AtmecsHomePageScript"/>
  <testcase name="validateHomeMenuFooter" time="0.146" classname="com.atmecs.testscript.AtmecsHomePageScript"/>
  <testcase name="validateHomeMenuFooter" time="0.132" classname="com.atmecs.testscript.AtmecsHomePageScript"/>
  <testcase name="validateHomeMenuFooter" time="0.133" classname="com.atmecs.testscript.AtmecsHomePageScript"/>
  <testcase name="validateHomeMenuFooter" time="0.182" classname="com.atmecs.testscript.AtmecsHomePageScript"/>
  <testcase name="validateHomeMenuFooter" time="0.218" classname="com.atmecs.testscript.AtmecsHomePageScript"/>
  <testcase name="clickOnAboutUsMenu" time="2.618" classname="com.atmecs.testscript.AtmecsHomePageScript"/>
  <testcase name="validateAboutUsFooter" time="0.151" classname="com.atmecs.testscript.AtmecsHomePageScript"/>
  <testcase name="validateAboutUsFooter" time="0.15" classname="com.atmecs.testscript.AtmecsHomePageScript"/>
  <testcase name="validateAboutUsFooter" time="0.168" classname="com.atmecs.testscript.AtmecsHomePageScript"/>
  <testcase name="validateAboutUsFooter" time="0.131" classname="com.atmecs.testscript.AtmecsHomePageScript"/>
  <testcase name="validateAboutUsFooter" time="0.134" classname="com.atmecs.testscript.AtmecsHomePageScript"/>
  <testcase name="validateAboutUsFooter" time="0.136" classname="com.atmecs.testscript.AtmecsHomePageScript"/>
  <testcase name="validateAboutUsFooter" time="0.129" classname="com.atmecs.testscript.AtmecsHomePageScript"/>
  <testcase name="validateAboutUsFooter" time="0.09" classname="com.atmecs.testscript.AtmecsHomePageScript"/>
  <testcase name="validateAboutUsFooter" time="0.091" classname="com.atmecs.testscript.AtmecsHomePageScript"/>
  <testcase name="validateAboutUsFooter" time="0.132" classname="com.atmecs.testscript.AtmecsHomePageScript"/>
  <testcase name="validateAboutUsFooter" time="0.132" classname="com.atmecs.testscript.AtmecsHomePageScript"/>
  <testcase name="validateAboutUsFooter" time="0.131" classname="com.atmecs.testscript.AtmecsHomePageScript"/>
  <testcase name="validateAboutUsFooter" time="0.132" classname="com.atmecs.testscript.AtmecsHomePageScript"/>
  <testcase name="validateAboutUsFooter" time="0.094" classname="com.atmecs.testscript.AtmecsHomePageScript"/>
  <testcase name="validateAboutUsFooter" time="0.131" classname="com.atmecs.testscript.AtmecsHomePageScript"/>
  <testcase name="validateAboutUsFooter" time="0.13" classname="com.atmecs.testscript.AtmecsHomePageScript"/>
  <testcase name="validateAboutUsFooter" time="0.129" classname="com.atmecs.testscript.AtmecsHomePageScript"/>
  <testcase name="validateAboutUsFooter" time="0.127" classname="com.atmecs.testscript.AtmecsHomePageScript"/>
  <testcase name="validateAboutUsFooter" time="0.137" classname="com.atmecs.testscript.AtmecsHomePageScript"/>
  <testcase name="validateAboutUsFooter" time="0.13" classname="com.atmecs.testscript.AtmecsHomePageScript"/>
  <testcase name="validateAboutUsFooter" time="0.13" classname="com.atmecs.testscript.AtmecsHomePageScript"/>
  <testcase name="validateAboutUsFooter" time="0.13" classname="com.atmecs.testscript.AtmecsHomePageScript"/>
  <testcase name="validateAboutUsFooter" time="0.148" classname="com.atmecs.testscript.AtmecsHomePageScript"/>
  <testcase name="validateAboutUsFooter" time="0.138" classname="com.atmecs.testscript.AtmecsHomePageScript"/>
  <testcase name="validateAboutUsFooter" time="0.132" classname="com.atmecs.testscript.AtmecsHomePageScript"/>
  <testcase name="validateAboutUsFooter" time="0.142" classname="com.atmecs.testscript.AtmecsHomePageScript"/>
  <testcase name="validateAboutUsFooter" time="0.153" classname="com.atmecs.testscript.AtmecsHomePageScript"/>
  <testcase name="validateAboutUsFooter" time="0.15" classname="com.atmecs.testscript.AtmecsHomePageScript"/>
  <testcase name="validateAboutUsFooter" time="0.177" classname="com.atmecs.testscript.AtmecsHomePageScript"/>
  <testcase name="validateAboutUsFooter" time="0.147" classname="com.atmecs.testscript.AtmecsHomePageScript"/>
  <testcase name="validateAboutUsFooter" time="0.131" classname="com.atmecs.testscript.AtmecsHomePageScript"/>
  <testcase name="clickOnServicesMenu" time="10.246" classname="com.atmecs.testscript.AtmecsHomePageScript"/>
  <testcase name="validateServicesFooter" time="0.145" classname="com.atmecs.testscript.AtmecsHomePageScript"/>
  <testcase name="validateServicesFooter" time="0.136" classname="com.atmecs.testscript.AtmecsHomePageScript"/>
  <testcase name="validateServicesFooter" time="0.133" classname="com.atmecs.testscript.AtmecsHomePageScript"/>
  <testcase name="validateServicesFooter" time="0.133" classname="com.atmecs.testscript.AtmecsHomePageScript"/>
  <testcase name="validateServicesFooter" time="0.135" classname="com.atmecs.testscript.AtmecsHomePageScript"/>
  <testcase name="validateServicesFooter" time="0.135" classname="com.atmecs.testscript.AtmecsHomePageScript"/>
  <testcase name="validateServicesFooter" time="0.135" classname="com.atmecs.testscript.AtmecsHomePageScript"/>
  <testcase name="validateServicesFooter" time="0.101" classname="com.atmecs.testscript.AtmecsHomePageScript"/>
  <testcase name="validateServicesFooter" time="0.097" classname="com.atmecs.testscript.AtmecsHomePageScript"/>
  <testcase name="validateServicesFooter" time="0.148" classname="com.atmecs.testscript.AtmecsHomePageScript"/>
  <testcase name="validateServicesFooter" time="0.144" classname="com.atmecs.testscript.AtmecsHomePageScript"/>
  <testcase name="validateServicesFooter" time="0.135" classname="com.atmecs.testscript.AtmecsHomePageScript"/>
  <testcase name="validateServicesFooter" time="0.134" classname="com.atmecs.testscript.AtmecsHomePageScript"/>
  <testcase name="validateServicesFooter" time="0.097" classname="com.atmecs.testscript.AtmecsHomePageScript"/>
  <testcase name="validateServicesFooter" time="0.16" classname="com.atmecs.testscript.AtmecsHomePageScript"/>
  <testcase name="validateServicesFooter" time="0.139" classname="com.atmecs.testscript.AtmecsHomePageScript"/>
  <testcase name="validateServicesFooter" time="0.134" classname="com.atmecs.testscript.AtmecsHomePageScript"/>
  <testcase name="validateServicesFooter" time="0.135" classname="com.atmecs.testscript.AtmecsHomePageScript"/>
  <testcase name="validateServicesFooter" time="0.136" classname="com.atmecs.testscript.AtmecsHomePageScript"/>
  <testcase name="validateServicesFooter" time="0.142" classname="com.atmecs.testscript.AtmecsHomePageScript"/>
  <testcase name="validateServicesFooter" time="0.137" classname="com.atmecs.testscript.AtmecsHomePageScript"/>
  <testcase name="validateServicesFooter" time="0.13" classname="com.atmecs.testscript.AtmecsHomePageScript"/>
  <testcase name="validateServicesFooter" time="0.141" classname="com.atmecs.testscript.AtmecsHomePageScript"/>
  <testcase name="validateServicesFooter" time="0.134" classname="com.atmecs.testscript.AtmecsHomePageScript"/>
  <testcase name="validateServicesFooter" time="0.132" classname="com.atmecs.testscript.AtmecsHomePageScript"/>
  <testcase name="validateServicesFooter" time="0.133" classname="com.atmecs.testscript.AtmecsHomePageScript"/>
  <testcase name="validateServicesFooter" time="0.131" classname="com.atmecs.testscript.AtmecsHomePageScript"/>
  <testcase name="validateServicesFooter" time="0.134" classname="com.atmecs.testscript.AtmecsHomePageScript"/>
  <testcase name="validateServicesFooter" time="0.142" classname="com.atmecs.testscript.AtmecsHomePageScript"/>
  <testcase name="validateServicesFooter" time="0.138" classname="com.atmecs.testscript.AtmecsHomePageScript"/>
  <testcase name="validateServicesFooter" time="0.139" classname="com.atmecs.testscript.AtmecsHomePageScript"/>
  <testcase name="clickOnPatnersMenu" time="4.188" classname="com.atmecs.testscript.AtmecsHomePageScript"/>
  <testcase name="validatePartnerFooter" time="0.165" classname="com.atmecs.testscript.AtmecsHomePageScript"/>
  <testcase name="validatePartnerFooter" time="0.13" classname="com.atmecs.testscript.AtmecsHomePageScript"/>
  <testcase name="validatePartnerFooter" time="0.137" classname="com.atmecs.testscript.AtmecsHomePageScript"/>
  <testcase name="validatePartnerFooter" time="0.157" classname="com.atmecs.testscript.AtmecsHomePageScript"/>
  <testcase name="validatePartnerFooter" time="0.137" classname="com.atmecs.testscript.AtmecsHomePageScript"/>
  <testcase name="validatePartnerFooter" time="0.142" classname="com.atmecs.testscript.AtmecsHomePageScript"/>
  <testcase name="validatePartnerFooter" time="0.125" classname="com.atmecs.testscript.AtmecsHomePageScript"/>
  <testcase name="validatePartnerFooter" time="0.094" classname="com.atmecs.testscript.AtmecsHomePageScript"/>
  <testcase name="validatePartnerFooter" time="0.094" classname="com.atmecs.testscript.AtmecsHomePageScript"/>
  <testcase name="validatePartnerFooter" time="0.131" classname="com.atmecs.testscript.AtmecsHomePageScript"/>
  <testcase name="validatePartnerFooter" time="0.139" classname="com.atmecs.testscript.AtmecsHomePageScript"/>
  <testcase name="validatePartnerFooter" time="0.132" classname="com.atmecs.testscript.AtmecsHomePageScript"/>
  <testcase name="validatePartnerFooter" time="0.128" classname="com.atmecs.testscript.AtmecsHomePageScript"/>
  <testcase name="validatePartnerFooter" time="0.095" classname="com.atmecs.testscript.AtmecsHomePageScript"/>
  <testcase name="validatePartnerFooter" time="0.132" classname="com.atmecs.testscript.AtmecsHomePageScript"/>
  <testcase name="validatePartnerFooter" time="0.125" classname="com.atmecs.testscript.AtmecsHomePageScript"/>
  <testcase name="validatePartnerFooter" time="0.13" classname="com.atmecs.testscript.AtmecsHomePageScript"/>
  <testcase name="validatePartnerFooter" time="0.127" classname="com.atmecs.testscript.AtmecsHomePageScript"/>
  <testcase name="validatePartnerFooter" time="0.137" classname="com.atmecs.testscript.AtmecsHomePageScript"/>
  <testcase name="validatePartnerFooter" time="0.138" classname="com.atmecs.testscript.AtmecsHomePageScript"/>
  <testcase name="validatePartnerFooter" time="0.134" classname="com.atmecs.testscript.AtmecsHomePageScript"/>
  <testcase name="validatePartnerFooter" time="0.137" classname="com.atmecs.testscript.AtmecsHomePageScript"/>
  <testcase name="validatePartnerFooter" time="0.135" classname="com.atmecs.testscript.AtmecsHomePageScript"/>
  <testcase name="validatePartnerFooter" time="0.129" classname="com.atmecs.testscript.AtmecsHomePageScript"/>
  <testcase name="validatePartnerFooter" time="0.125" classname="com.atmecs.testscript.AtmecsHomePageScript"/>
  <testcase name="validatePartnerFooter" time="0.144" classname="com.atmecs.testscript.AtmecsHomePageScript"/>
  <testcase name="validatePartnerFooter" time="0.138" classname="com.atmecs.testscript.AtmecsHomePageScript"/>
  <testcase name="validatePartnerFooter" time="0.145" classname="com.atmecs.testscript.AtmecsHomePageScript"/>
  <testcase name="validatePartnerFooter" time="0.154" classname="com.atmecs.testscript.AtmecsHomePageScript"/>
  <testcase name="validatePartnerFooter" time="0.159" classname="com.atmecs.testscript.AtmecsHomePageScript"/>
  <testcase name="validatePartnerFooter" time="0.148" classname="com.atmecs.testscript.AtmecsHomePageScript"/>
  <testcase name="clickOnMediaMenu" time="0.294" classname="com.atmecs.testscript.AtmecsHomePageScript"/>
  <testcase name="validateMediaFooter" time="0.145" classname="com.atmecs.testscript.AtmecsHomePageScript"/>
  <testcase name="validateMediaFooter" time="0.126" classname="com.atmecs.testscript.AtmecsHomePageScript"/>
  <testcase name="validateMediaFooter" time="0.099" classname="com.atmecs.testscript.AtmecsHomePageScript"/>
  <testcase name="validateMediaFooter" time="0.101" classname="com.atmecs.testscript.AtmecsHomePageScript"/>
  <testcase name="validateMediaFooter" time="0.103" classname="com.atmecs.testscript.AtmecsHomePageScript"/>
  <testcase name="validateMediaFooter" time="0.096" classname="com.atmecs.testscript.AtmecsHomePageScript"/>
  <testcase name="validateMediaFooter" time="0.091" classname="com.atmecs.testscript.AtmecsHomePageScript"/>
  <testcase name="validateMediaFooter" time="0.094" classname="com.atmecs.testscript.AtmecsHomePageScript"/>
  <testcase name="validateMediaFooter" time="0.096" classname="com.atmecs.testscript.AtmecsHomePageScript"/>
  <testcase name="validateMediaFooter" time="0.091" classname="com.atmecs.testscript.AtmecsHomePageScript"/>
  <testcase name="validateMediaFooter" time="0.099" classname="com.atmecs.testscript.AtmecsHomePageScript"/>
  <testcase name="validateMediaFooter" time="0.091" classname="com.atmecs.testscript.AtmecsHomePageScript"/>
  <testcase name="validateMediaFooter" time="0.092" classname="com.atmecs.testscript.AtmecsHomePageScript"/>
  <testcase name="validateMediaFooter" time="0.105" classname="com.atmecs.testscript.AtmecsHomePageScript"/>
  <testcase name="validateMediaFooter" time="0.107" classname="com.atmecs.testscript.AtmecsHomePageScript"/>
  <testcase name="validateMediaFooter" time="0.103" classname="com.atmecs.testscript.AtmecsHomePageScript"/>
  <testcase name="validateMediaFooter" time="0.103" classname="com.atmecs.testscript.AtmecsHomePageScript"/>
  <testcase name="validateMediaFooter" time="0.094" classname="com.atmecs.testscript.AtmecsHomePageScript"/>
  <testcase name="validateMediaFooter" time="0.091" classname="com.atmecs.testscript.AtmecsHomePageScript"/>
  <testcase name="validateMediaFooter" time="0.089" classname="com.atmecs.testscript.AtmecsHomePageScript"/>
  <testcase name="validateMediaFooter" time="0.09" classname="com.atmecs.testscript.AtmecsHomePageScript"/>
  <testcase name="validateMediaFooter" time="0.088" classname="com.atmecs.testscript.AtmecsHomePageScript"/>
  <testcase name="validateMediaFooter" time="0.09" classname="com.atmecs.testscript.AtmecsHomePageScript"/>
  <testcase name="validateMediaFooter" time="0.093" classname="com.atmecs.testscript.AtmecsHomePageScript"/>
  <testcase name="validateMediaFooter" time="0.097" classname="com.atmecs.testscript.AtmecsHomePageScript"/>
  <testcase name="validateMediaFooter" time="0.089" classname="com.atmecs.testscript.AtmecsHomePageScript"/>
  <testcase name="validateMediaFooter" time="0.094" classname="com.atmecs.testscript.AtmecsHomePageScript"/>
  <testcase name="validateMediaFooter" time="0.104" classname="com.atmecs.testscript.AtmecsHomePageScript"/>
  <testcase name="validateMediaFooter" time="0.102" classname="com.atmecs.testscript.AtmecsHomePageScript"/>
  <testcase name="validateMediaFooter" time="0.106" classname="com.atmecs.testscript.AtmecsHomePageScript"/>
  <testcase name="validateMediaFooter" time="0.102" classname="com.atmecs.testscript.AtmecsHomePageScript"/>
  <testcase name="clickOnInsightMenu" time="0.288" classname="com.atmecs.testscript.AtmecsHomePageScript"/>
  <testcase name="validateInsightsFooter" time="0.162" classname="com.atmecs.testscript.AtmecsHomePageScript"/>
  <testcase name="validateInsightsFooter" time="0.102" classname="com.atmecs.testscript.AtmecsHomePageScript"/>
  <testcase name="validateInsightsFooter" time="0.11" classname="com.atmecs.testscript.AtmecsHomePageScript"/>
  <testcase name="validateInsightsFooter" time="0.118" classname="com.atmecs.testscript.AtmecsHomePageScript"/>
  <testcase name="validateInsightsFooter" time="0.09" classname="com.atmecs.testscript.AtmecsHomePageScript"/>
  <testcase name="validateInsightsFooter" time="0.09" classname="com.atmecs.testscript.AtmecsHomePageScript"/>
  <testcase name="validateInsightsFooter" time="0.095" classname="com.atmecs.testscript.AtmecsHomePageScript"/>
  <testcase name="validateInsightsFooter" time="0.089" classname="com.atmecs.testscript.AtmecsHomePageScript"/>
  <testcase name="validateInsightsFooter" time="0.097" classname="com.atmecs.testscript.AtmecsHomePageScript"/>
  <testcase name="validateInsightsFooter" time="0.096" classname="com.atmecs.testscript.AtmecsHomePageScript"/>
  <testcase name="validateInsightsFooter" time="0.094" classname="com.atmecs.testscript.AtmecsHomePageScript"/>
  <testcase name="validateInsightsFooter" time="0.094" classname="com.atmecs.testscript.AtmecsHomePageScript"/>
  <testcase name="validateInsightsFooter" time="0.099" classname="com.atmecs.testscript.AtmecsHomePageScript"/>
  <testcase name="validateInsightsFooter" time="0.097" classname="com.atmecs.testscript.AtmecsHomePageScript"/>
  <testcase name="validateInsightsFooter" time="0.09" classname="com.atmecs.testscript.AtmecsHomePageScript"/>
  <testcase name="validateInsightsFooter" time="0.087" classname="com.atmecs.testscript.AtmecsHomePageScript"/>
  <testcase name="validateInsightsFooter" time="0.087" classname="com.atmecs.testscript.AtmecsHomePageScript"/>
  <testcase name="validateInsightsFooter" time="0.096" classname="com.atmecs.testscript.AtmecsHomePageScript"/>
  <testcase name="validateInsightsFooter" time="0.094" classname="com.atmecs.testscript.AtmecsHomePageScript"/>
  <testcase name="validateInsightsFooter" time="0.095" classname="com.atmecs.testscript.AtmecsHomePageScript"/>
  <testcase name="validateInsightsFooter" time="0.091" classname="com.atmecs.testscript.AtmecsHomePageScript"/>
  <testcase name="validateInsightsFooter" time="0.087" classname="com.atmecs.testscript.AtmecsHomePageScript"/>
  <testcase name="validateInsightsFooter" time="0.091" classname="com.atmecs.testscript.AtmecsHomePageScript"/>
  <testcase name="validateInsightsFooter" time="0.104" classname="com.atmecs.testscript.AtmecsHomePageScript"/>
  <testcase name="validateInsightsFooter" time="0.111" classname="com.atmecs.testscript.AtmecsHomePageScript"/>
  <testcase name="validateInsightsFooter" time="0.087" classname="com.atmecs.testscript.AtmecsHomePageScript"/>
  <testcase name="validateInsightsFooter" time="0.087" classname="com.atmecs.testscript.AtmecsHomePageScript"/>
  <testcase name="validateInsightsFooter" time="0.088" classname="com.atmecs.testscript.AtmecsHomePageScript"/>
  <testcase name="validateInsightsFooter" time="0.088" classname="com.atmecs.testscript.AtmecsHomePageScript"/>
  <testcase name="validateInsightsFooter" time="0.095" classname="com.atmecs.testscript.AtmecsHomePageScript"/>
  <testcase name="validateInsightsFooter" time="0.095" classname="com.atmecs.testscript.AtmecsHomePageScript"/>
  <testcase name="clickOnCarrerMenu" time="4.267" classname="com.atmecs.testscript.AtmecsHomePageScript"/>
  <testcase name="validateCarrersFooter" time="0.186" classname="com.atmecs.testscript.AtmecsHomePageScript"/>
  <testcase name="validateCarrersFooter" time="0.124" classname="com.atmecs.testscript.AtmecsHomePageScript"/>
  <testcase name="validateCarrersFooter" time="0.129" classname="com.atmecs.testscript.AtmecsHomePageScript"/>
  <testcase name="validateCarrersFooter" time="0.13" classname="com.atmecs.testscript.AtmecsHomePageScript"/>
  <testcase name="validateCarrersFooter" time="0.129" classname="com.atmecs.testscript.AtmecsHomePageScript"/>
  <testcase name="validateCarrersFooter" time="0.126" classname="com.atmecs.testscript.AtmecsHomePageScript"/>
  <testcase name="validateCarrersFooter" time="0.127" classname="com.atmecs.testscript.AtmecsHomePageScript"/>
  <testcase name="validateCarrersFooter" time="0.086" classname="com.atmecs.testscript.AtmecsHomePageScript"/>
  <testcase name="validateCarrersFooter" time="0.093" classname="com.atmecs.testscript.AtmecsHomePageScript"/>
  <testcase name="validateCarrersFooter" time="0.131" classname="com.atmecs.testscript.AtmecsHomePageScript"/>
  <testcase name="validateCarrersFooter" time="0.12" classname="com.atmecs.testscript.AtmecsHomePageScript"/>
  <testcase name="validateCarrersFooter" time="0.126" classname="com.atmecs.testscript.AtmecsHomePageScript"/>
  <testcase name="validateCarrersFooter" time="0.13" classname="com.atmecs.testscript.AtmecsHomePageScript"/>
  <testcase name="validateCarrersFooter" time="0.092" classname="com.atmecs.testscript.AtmecsHomePageScript"/>
  <testcase name="validateCarrersFooter" time="0.13" classname="com.atmecs.testscript.AtmecsHomePageScript"/>
  <testcase name="validateCarrersFooter" time="0.123" classname="com.atmecs.testscript.AtmecsHomePageScript"/>
  <testcase name="validateCarrersFooter" time="0.129" classname="com.atmecs.testscript.AtmecsHomePageScript"/>
  <testcase name="validateCarrersFooter" time="0.124" classname="com.atmecs.testscript.AtmecsHomePageScript"/>
  <testcase name="validateCarrersFooter" time="0.131" classname="com.atmecs.testscript.AtmecsHomePageScript"/>
  <testcase name="validateCarrersFooter" time="0.128" classname="com.atmecs.testscript.AtmecsHomePageScript"/>
  <testcase name="validateCarrersFooter" time="0.141" classname="com.atmecs.testscript.AtmecsHomePageScript"/>
  <testcase name="validateCarrersFooter" time="0.143" classname="com.atmecs.testscript.AtmecsHomePageScript"/>
  <testcase name="validateCarrersFooter" time="0.124" classname="com.atmecs.testscript.AtmecsHomePageScript"/>
  <testcase name="validateCarrersFooter" time="0.127" classname="com.atmecs.testscript.AtmecsHomePageScript"/>
  <testcase name="validateCarrersFooter" time="0.142" classname="com.atmecs.testscript.AtmecsHomePageScript"/>
  <testcase name="validateCarrersFooter" time="0.157" classname="com.atmecs.testscript.AtmecsHomePageScript"/>
  <testcase name="validateCarrersFooter" time="0.151" classname="com.atmecs.testscript.AtmecsHomePageScript"/>
  <testcase name="validateCarrersFooter" time="0.125" classname="com.atmecs.testscript.AtmecsHomePageScript"/>
  <testcase name="validateCarrersFooter" time="0.124" classname="com.atmecs.testscript.AtmecsHomePageScript"/>
  <testcase name="validateCarrersFooter" time="0.126" classname="com.atmecs.testscript.AtmecsHomePageScript"/>
  <testcase name="validateCarrersFooter" time="0.147" classname="com.atmecs.testscript.AtmecsHomePageScript"/>
  <testcase name="clickOnContactUsMenu" time="4.07" classname="com.atmecs.testscript.AtmecsHomePageScript"/>
  <testcase name="validateContactUsFooter" time="0.131" classname="com.atmecs.testscript.AtmecsHomePageScript"/>
  <testcase name="validateContactUsFooter" time="0.127" classname="com.atmecs.testscript.AtmecsHomePageScript"/>
  <testcase name="validateContactUsFooter" time="0.133" classname="com.atmecs.testscript.AtmecsHomePageScript"/>
  <testcase name="validateContactUsFooter" time="0.133" classname="com.atmecs.testscript.AtmecsHomePageScript"/>
  <testcase name="validateContactUsFooter" time="0.131" classname="com.atmecs.testscript.AtmecsHomePageScript"/>
  <testcase name="validateContactUsFooter" time="0.125" classname="com.atmecs.testscript.AtmecsHomePageScript"/>
  <testcase name="validateContactUsFooter" time="0.124" classname="com.atmecs.testscript.AtmecsHomePageScript"/>
  <testcase name="validateContactUsFooter" time="0.101" classname="com.atmecs.testscript.AtmecsHomePageScript"/>
  <testcase name="validateContactUsFooter" time="0.092" classname="com.atmecs.testscript.AtmecsHomePageScript"/>
  <testcase name="validateContactUsFooter" time="0.143" classname="com.atmecs.testscript.AtmecsHomePageScript"/>
  <testcase name="validateContactUsFooter" time="0.147" classname="com.atmecs.testscript.AtmecsHomePageScript"/>
  <testcase name="validateContactUsFooter" time="0.131" classname="com.atmecs.testscript.AtmecsHomePageScript"/>
  <testcase name="validateContactUsFooter" time="0.122" classname="com.atmecs.testscript.AtmecsHomePageScript"/>
  <testcase name="validateContactUsFooter" time="0.098" classname="com.atmecs.testscript.AtmecsHomePageScript"/>
  <testcase name="validateContactUsFooter" time="0.13" classname="com.atmecs.testscript.AtmecsHomePageScript"/>
  <testcase name="validateContactUsFooter" time="0.134" classname="com.atmecs.testscript.AtmecsHomePageScript"/>
  <testcase name="validateContactUsFooter" time="0.127" classname="com.atmecs.testscript.AtmecsHomePageScript"/>
  <testcase name="validateContactUsFooter" time="0.134" classname="com.atmecs.testscript.AtmecsHomePageScript"/>
  <testcase name="validateContactUsFooter" time="0.125" classname="com.atmecs.testscript.AtmecsHomePageScript"/>
  <testcase name="validateContactUsFooter" time="0.13" classname="com.atmecs.testscript.AtmecsHomePageScript"/>
  <testcase name="validateContactUsFooter" time="0.124" classname="com.atmecs.testscript.AtmecsHomePageScript"/>
  <testcase name="validateContactUsFooter" time="0.135" classname="com.atmecs.testscript.AtmecsHomePageScript"/>
  <testcase name="validateContactUsFooter" time="0.134" classname="com.atmecs.testscript.AtmecsHomePageScript"/>
  <testcase name="validateContactUsFooter" time="0.14" classname="com.atmecs.testscript.AtmecsHomePageScript"/>
  <testcase name="validateContactUsFooter" time="0.125" classname="com.atmecs.testscript.AtmecsHomePageScript"/>
  <testcase name="validateContactUsFooter" time="0.13" classname="com.atmecs.testscript.AtmecsHomePageScript"/>
  <testcase name="validateContactUsFooter" time="0.13" classname="com.atmecs.testscript.AtmecsHomePageScript"/>
  <testcase name="validateContactUsFooter" time="0.134" classname="com.atmecs.testscript.AtmecsHomePageScript"/>
  <testcase name="validateContactUsFooter" time="0.123" classname="com.atmecs.testscript.AtmecsHomePageScript"/>
  <testcase name="validateContactUsFooter" time="0.135" classname="com.atmecs.testscript.AtmecsHomePageScript"/>
  <testcase name="validateContactUsFooter" time="0.123" classname="com.atmecs.testscript.AtmecsHomePageScript"/>
</testsuite> <!-- Default test -->
